-------------------------------------------------------------------------------
Test set: com.schools.api.ApiApplicationTests
-------------------------------------------------------------------------------
Tests run: 1, Failures: 0, Errors: 1, Skipped: 0, Time elapsed: 5.308 s <<< FAILURE! - in com.schools.api.ApiApplicationTests
contextLoads  Time elapsed: 0.002 s  <<< ERROR!
java.lang.IllegalStateException: Failed to load ApplicationContext
Caused by: org.springframework.beans.factory.UnsatisfiedDependencyException: Error creating bean with name 'schoolController': Unsatisfied dependency expressed through field 'service'; nested exception is org.springframework.beans.factory.UnsatisfiedDependencyException: Error creating bean with name 'schoolService': Unsatisfied dependency expressed through field 'repository'; nested exception is org.springframework.beans.factory.BeanCreationException: Error creating bean with name 'schoolRepository' defined in com.schools.api.repository.SchoolRepository defined in @EnableJpaRepositories declared on JpaRepositoriesRegistrar.EnableJpaRepositoriesConfiguration: Invocation of init method failed; nested exception is org.springframework.data.repository.query.QueryCreationException: Could not create query for public abstract java.util.List com.schools.api.repository.SchoolRepository.findByProvince()! Reason: Failed to create query for method public abstract java.util.List com.schools.api.repository.SchoolRepository.findByProvince()! Method public abstract java.util.List com.schools.api.repository.SchoolRepository.findByProvince() expects at least 1 arguments but only found 0. This leaves an operator of type SIMPLE_PROPERTY for property province unbound.; nested exception is java.lang.IllegalArgumentException: Failed to create query for method public abstract java.util.List com.schools.api.repository.SchoolRepository.findByProvince()! Method public abstract java.util.List com.schools.api.repository.SchoolRepository.findByProvince() expects at least 1 arguments but only found 0. This leaves an operator of type SIMPLE_PROPERTY for property province unbound.
Caused by: org.springframework.beans.factory.UnsatisfiedDependencyException: Error creating bean with name 'schoolService': Unsatisfied dependency expressed through field 'repository'; nested exception is org.springframework.beans.factory.BeanCreationException: Error creating bean with name 'schoolRepository' defined in com.schools.api.repository.SchoolRepository defined in @EnableJpaRepositories declared on JpaRepositoriesRegistrar.EnableJpaRepositoriesConfiguration: Invocation of init method failed; nested exception is org.springframework.data.repository.query.QueryCreationException: Could not create query for public abstract java.util.List com.schools.api.repository.SchoolRepository.findByProvince()! Reason: Failed to create query for method public abstract java.util.List com.schools.api.repository.SchoolRepository.findByProvince()! Method public abstract java.util.List com.schools.api.repository.SchoolRepository.findByProvince() expects at least 1 arguments but only found 0. This leaves an operator of type SIMPLE_PROPERTY for property province unbound.; nested exception is java.lang.IllegalArgumentException: Failed to create query for method public abstract java.util.List com.schools.api.repository.SchoolRepository.findByProvince()! Method public abstract java.util.List com.schools.api.repository.SchoolRepository.findByProvince() expects at least 1 arguments but only found 0. This leaves an operator of type SIMPLE_PROPERTY for property province unbound.
Caused by: org.springframework.beans.factory.BeanCreationException: Error creating bean with name 'schoolRepository' defined in com.schools.api.repository.SchoolRepository defined in @EnableJpaRepositories declared on JpaRepositoriesRegistrar.EnableJpaRepositoriesConfiguration: Invocation of init method failed; nested exception is org.springframework.data.repository.query.QueryCreationException: Could not create query for public abstract java.util.List com.schools.api.repository.SchoolRepository.findByProvince()! Reason: Failed to create query for method public abstract java.util.List com.schools.api.repository.SchoolRepository.findByProvince()! Method public abstract java.util.List com.schools.api.repository.SchoolRepository.findByProvince() expects at least 1 arguments but only found 0. This leaves an operator of type SIMPLE_PROPERTY for property province unbound.; nested exception is java.lang.IllegalArgumentException: Failed to create query for method public abstract java.util.List com.schools.api.repository.SchoolRepository.findByProvince()! Method public abstract java.util.List com.schools.api.repository.SchoolRepository.findByProvince() expects at least 1 arguments but only found 0. This leaves an operator of type SIMPLE_PROPERTY for property province unbound.
Caused by: org.springframework.data.repository.query.QueryCreationException: Could not create query for public abstract java.util.List com.schools.api.repository.SchoolRepository.findByProvince()! Reason: Failed to create query for method public abstract java.util.List com.schools.api.repository.SchoolRepository.findByProvince()! Method public abstract java.util.List com.schools.api.repository.SchoolRepository.findByProvince() expects at least 1 arguments but only found 0. This leaves an operator of type SIMPLE_PROPERTY for property province unbound.; nested exception is java.lang.IllegalArgumentException: Failed to create query for method public abstract java.util.List com.schools.api.repository.SchoolRepository.findByProvince()! Method public abstract java.util.List com.schools.api.repository.SchoolRepository.findByProvince() expects at least 1 arguments but only found 0. This leaves an operator of type SIMPLE_PROPERTY for property province unbound.
Caused by: java.lang.IllegalArgumentException: Failed to create query for method public abstract java.util.List com.schools.api.repository.SchoolRepository.findByProvince()! Method public abstract java.util.List com.schools.api.repository.SchoolRepository.findByProvince() expects at least 1 arguments but only found 0. This leaves an operator of type SIMPLE_PROPERTY for property province unbound.
Caused by: java.lang.IllegalStateException: Method public abstract java.util.List com.schools.api.repository.SchoolRepository.findByProvince() expects at least 1 arguments but only found 0. This leaves an operator of type SIMPLE_PROPERTY for property province unbound.

